Unity Editor version:    2020.3.27f1 (e759542391ea)
Branch:                  2020.3/release
Build type:              Release
Batch mode:              YES
macOS version:           Version 11.2.1 (Build 20D74)
Darwin version:          20.3.0
Architecture:            x86_64
Running under Rosetta:   NO
Available memory:        16384 MB
Using pre-set license
Pro License: NO

COMMAND LINE ARGUMENTS:
/Users/game1-22/Downloads/2020.3.27f1/Unity.app/Contents/MacOS/Unity
-adb2
-batchMode
-noUpm
-name
AssetImportWorker0
-projectPath
/Users/game1-22/Desktop/My project 08-59-24-892
-logFile
Logs/AssetImportWorker0.log
-srvPort
60359
Successfully changed project path to: /Users/game1-22/Desktop/My project 08-59-24-892
Could not lock editor preferences. Preferences updates for this instance of Unity will not be saved./Users/game1-22/Desktop/My project 08-59-24-892
Using Asset Import Pipeline V2.
Refreshing native plugins compatible for Editor in 74.44 ms, found 3 plugins.
Preloading 0 native plugins for Editor in 0.00 ms.
Initialize engine version: 2020.3.27f1 (e759542391ea)
[Subsystems] Discovering subsystems at path /Users/game1-22/Downloads/2020.3.27f1/Unity.app/Contents/Resources/UnitySubsystems
[Subsystems] Discovering subsystems at path /Users/game1-22/Desktop/My project 08-59-24-892/Assets
GfxDevice: creating device client; threaded=0
2022-12-19 08:41:28.063 Unity[47876:1821231] iMac preferred device: AMD Radeon Pro 5500 XT (high power)
2022-12-19 08:41:28.063 Unity[47876:1821231] Metal devices available: 1
2022-12-19 08:41:28.064 Unity[47876:1821231] 0: AMD Radeon Pro 5500 XT (high power)
2022-12-19 08:41:28.064 Unity[47876:1821231] Using device AMD Radeon Pro 5500 XT (high power)
Initializing Metal device caps: AMD Radeon Pro 5500 XT
Initialize mono
Mono path[0] = '/Users/game1-22/Downloads/2020.3.27f1/Unity.app/Contents/Managed'
Mono path[1] = '/Users/game1-22/Downloads/2020.3.27f1/Unity.app/Contents/MonoBleedingEdge/lib/mono/unityjit'
Mono config path = '/Users/game1-22/Downloads/2020.3.27f1/Unity.app/Contents/MonoBleedingEdge/etc'
Using monoOptions --debugger-agent=transport=dt_socket,embedding=1,server=y,suspend=n,address=127.0.0.1:56876
Begin MonoManager ReloadAssembly
Registering precompiled unity dll's ...
Register platform support module: /Users/game1-22/Downloads/2020.3.27f1/Unity.app/Contents/PlaybackEngines/MacStandaloneSupport/UnityEditor.OSXStandalone.Extensions.dll
Registered in 0.000421 seconds.
Native extension for OSXStandalone target not found
Refreshing native plugins compatible for Editor in 73.31 ms, found 3 plugins.
Preloading 0 native plugins for Editor in 0.00 ms.
Mono: successfully reloaded assembly
- Completed reload, in  0.559 seconds
Domain Reload Profiling:
	ReloadAssembly (559ms)
		BeginReloadAssembly (36ms)
			ExecutionOrderSort (0ms)
			DisableScriptedObjects (0ms)
			BackupInstance (0ms)
			ReleaseScriptingObjects (0ms)
			CreateAndSetChildDomain (1ms)
		EndReloadAssembly (458ms)
			LoadAssemblies (35ms)
			RebuildTransferFunctionScriptingTraits (0ms)
			SetupTypeCache (156ms)
			ReleaseScriptCaches (0ms)
			RebuildScriptCaches (32ms)
			SetupLoadedEditorAssemblies (198ms)
				LogAssemblyErrors (0ms)
				InitializePlatformSupportModulesInManaged (4ms)
				SetLoadedEditorAssemblies (0ms)
				RefreshPlugins (73ms)
				BeforeProcessingInitializeOnLoad (7ms)
				ProcessInitializeOnLoadAttributes (88ms)
				ProcessInitializeOnLoadMethodAttributes (25ms)
				AfterProcessingInitializeOnLoad (0ms)
				EditorAssembliesLoaded (0ms)
			ExecutionOrderSort2 (0ms)
			AwakeInstancesAfterBackupRestoration (0ms)
Platform modules already initialized, skipping
Registering precompiled user dll's ...
Registered in 0.002122 seconds.
Begin MonoManager ReloadAssembly
Symbol file LoadedFromMemory doesn't match image /Users/game1-22/Desktop/My project 08-59-24-892/Library/PackageCache/com.unity.visualscripting@1.7.8/Editor/VisualScripting.Core/Dependencies/YamlDotNet/Unity.VisualScripting.YamlDotNet.dll
Symbol file LoadedFromMemory doesn't match image /Users/game1-22/Desktop/My project 08-59-24-892/Library/PackageCache/com.unity.visualscripting@1.7.8/Editor/VisualScripting.Core/Dependencies/DotNetZip/Unity.VisualScripting.IonicZip.dll
Native extension for OSXStandalone target not found
Refreshing native plugins compatible for Editor in 0.54 ms, found 3 plugins.
Preloading 0 native plugins for Editor in 0.00 ms.
Mono: successfully reloaded assembly
- Completed reload, in  1.062 seconds
Domain Reload Profiling:
	ReloadAssembly (1062ms)
		BeginReloadAssembly (131ms)
			ExecutionOrderSort (0ms)
			DisableScriptedObjects (4ms)
			BackupInstance (0ms)
			ReleaseScriptingObjects (0ms)
			CreateAndSetChildDomain (24ms)
		EndReloadAssembly (877ms)
			LoadAssemblies (68ms)
			RebuildTransferFunctionScriptingTraits (0ms)
			SetupTypeCache (363ms)
			ReleaseScriptCaches (1ms)
			RebuildScriptCaches (54ms)
			SetupLoadedEditorAssemblies (297ms)
				LogAssemblyErrors (0ms)
				InitializePlatformSupportModulesInManaged (3ms)
				SetLoadedEditorAssemblies (0ms)
				RefreshPlugins (1ms)
				BeforeProcessingInitializeOnLoad (66ms)
				ProcessInitializeOnLoadAttributes (210ms)
				ProcessInitializeOnLoadMethodAttributes (15ms)
				AfterProcessingInitializeOnLoad (1ms)
				EditorAssembliesLoaded (0ms)
			ExecutionOrderSort2 (0ms)
			AwakeInstancesAfterBackupRestoration (6ms)
Platform modules already initialized, skipping
Validating Project structure ... 0.001477 seconds.
Shader import version has changed; will reimport all shaders...
Upgrading shader files ...0.001637 seconds.
Application.AssetDatabase Initial Script Refresh Start
RefreshInfo: InitialScriptRefreshV2(NoUpdateAssetOptions) scanfilter:  ... 1 filters
RefreshProfiler: Total: 0.000ms
Application.AssetDatabase Initial Script Refresh End
Application.AssetDatabase.Refresh Start
Application.AssetDatabase.Refresh End
RefreshInfo: StopAssetImportingV2(ForceSynchronousImport) scanfilter: 
RefreshProfiler: Total: 0.000ms
Launching external process: /Users/game1-22/Downloads/2020.3.27f1/Unity.app/Contents/Tools/UnityShaderCompiler
Launched and connected shader compiler UnityShaderCompiler after 0.01 seconds
Initializing Unity extensions:
========================================================================
Worker process is ready to serve import requests
Refreshing native plugins compatible for Editor in 0.34 ms, found 3 plugins.
Preloading 0 native plugins for Editor in 0.00 ms.
Unloading 3754 Unused Serialized files (Serialized files now loaded: 0)
System memory in use before: 264.8 MB.
System memory in use after: 264.1 MB.

Unloading 159 unused Assets to reduce memory usage. Loaded Objects now: 4227.
Total: 2.831772 ms (FindLiveObjects: 0.226714 ms CreateObjectMapping: 0.160429 ms MarkObjects: 2.070784 ms  DeleteObjects: 0.373225 ms)

AssetImportParameters requested are different than current active one (requested -> active):
  custom:video-decoder-ogg-theora: a1e56fd34408186e4bbccfd4996cb3dc -> 
  custom:container-muxer-webm: aa71ff27fc2769a1b78a27578f13a17b -> 
  custom:container-demuxer-webm: 4f35f7cbe854078d1ac9338744f61a02 -> 
  custom:container-demuxer-ogg: 62fdf1f143b41e24485cea50d1cbac27 -> 
  custom:video-encoder-webm-vp8: eb34c28f22e8b96e1ab97ce403110664 -> 
  custom:framework-osx-AVFoundation: e770b220cccbd017edd2c1fefb359320 -> 
  custom:video-decoder-webm-vp8: 9c59270c3fd7afecdb556c50c9e8de78 -> 
  custom:audio-decoder-ogg-vorbis: bf7c407c2cedff20999df2af8eb42d56 -> 
  custom:audio-encoder-webm-vorbis: bf7c407c2cedff20999df2af8eb42d56 -> 
========================================================================
Received Import Request.
  path: Assets/Art/Animations/Robot.controller
  artifactKey: Guid(b43feaa56d835460b90bcb95edf5b7f5) Importer(815301076,1909f56bfc062723c751e8b465ee728b)
Start importing Assets/Art/Animations/Robot.controller using Guid(b43feaa56d835460b90bcb95edf5b7f5) Importer(815301076,1909f56bfc062723c751e8b465ee728b)  -> (artifact id: 'c10fd2004b51f98e03f512d9a9cf0311') in 0.827242 seconds 
  Import took 0.833310 seconds .

========================================================================
Received Import Request.
  Time since last request: 389.814907 seconds.
  path: Assets/Art/Sprites/Characters/right anim.anim.anim
  artifactKey: Guid(72258fa8b3d624735a85ac186b22521a) Importer(815301076,1909f56bfc062723c751e8b465ee728b)
Start importing Assets/Art/Sprites/Characters/right anim.anim.anim using Guid(72258fa8b3d624735a85ac186b22521a) Importer(815301076,1909f56bfc062723c751e8b465ee728b)  -> (artifact id: '4b24eddfbf93ccf3f14a8df8f0c820f2') in 0.226244 seconds 
  Import took 0.232347 seconds .

========================================================================
Received Import Request.
  Time since last request: 43.182282 seconds.
  path: Assets/Art/Sprites/Characters/right anim.anim
  artifactKey: Guid(72258fa8b3d624735a85ac186b22521a) Importer(815301076,1909f56bfc062723c751e8b465ee728b)
Start importing Assets/Art/Sprites/Characters/right anim.anim using Guid(72258fa8b3d624735a85ac186b22521a) Importer(815301076,1909f56bfc062723c751e8b465ee728b)  -> (artifact id: '1f9b8883f2945d3dcbbdbad1fd6fc67c') in 0.004812 seconds 
  Import took 0.010125 seconds .

========================================================================
Received Import Request.
  Time since last request: 36.744912 seconds.
  path: Assets/Art/Sprites/Characters/left anim.anim
  artifactKey: Guid(72258fa8b3d624735a85ac186b22521a) Importer(815301076,1909f56bfc062723c751e8b465ee728b)
Start importing Assets/Art/Sprites/Characters/left anim.anim using Guid(72258fa8b3d624735a85ac186b22521a) Importer(815301076,1909f56bfc062723c751e8b465ee728b)  -> (artifact id: '9545435db6ffef0b2d4921cc70be8f9d') in 0.005788 seconds 
  Import took 0.010609 seconds .

========================================================================
Received Import Request.
  Time since last request: 117.103498 seconds.
  path: Assets/Art/Sprites/Characters/left anim.anim.anim
  artifactKey: Guid(191c225d6689a49149235a38af899df1) Importer(815301076,1909f56bfc062723c751e8b465ee728b)
Start importing Assets/Art/Sprites/Characters/left anim.anim.anim using Guid(191c225d6689a49149235a38af899df1) Importer(815301076,1909f56bfc062723c751e8b465ee728b)  -> (artifact id: '4a93a33b2541364c5a0c36b82fad5657') in 0.005345 seconds 
  Import took 0.010784 seconds .

========================================================================
Received Import Request.
  Time since last request: 5.108066 seconds.
  path: Assets/Art/Sprites/Characters/left anim.anim
  artifactKey: Guid(191c225d6689a49149235a38af899df1) Importer(815301076,1909f56bfc062723c751e8b465ee728b)
Start importing Assets/Art/Sprites/Characters/left anim.anim using Guid(191c225d6689a49149235a38af899df1) Importer(815301076,1909f56bfc062723c751e8b465ee728b)  -> (artifact id: 'ac333ed151dd1214e6f7bc0fb6afe084') in 0.004381 seconds 
  Import took 0.008996 seconds .

========================================================================
Received Prepare
Registering precompiled user dll's ...
Registered in 0.002245 seconds.
Begin MonoManager ReloadAssembly
Symbol file LoadedFromMemory doesn't match image /Users/game1-22/Desktop/My project 08-59-24-892/Library/PackageCache/com.unity.visualscripting@1.7.8/Editor/VisualScripting.Core/Dependencies/YamlDotNet/Unity.VisualScripting.YamlDotNet.dll
Symbol file LoadedFromMemory doesn't match image /Users/game1-22/Desktop/My project 08-59-24-892/Library/PackageCache/com.unity.visualscripting@1.7.8/Editor/VisualScripting.Core/Dependencies/DotNetZip/Unity.VisualScripting.IonicZip.dll
Native extension for OSXStandalone target not found
Refreshing native plugins compatible for Editor in 0.58 ms, found 3 plugins.
Preloading 0 native plugins for Editor in 0.00 ms.
Mono: successfully reloaded assembly
- Completed reload, in  1.051 seconds
Domain Reload Profiling:
	ReloadAssembly (1051ms)
		BeginReloadAssembly (113ms)
			ExecutionOrderSort (0ms)
			DisableScriptedObjects (5ms)
			BackupInstance (0ms)
			ReleaseScriptingObjects (0ms)
			CreateAndSetChildDomain (57ms)
		EndReloadAssembly (883ms)
			LoadAssemblies (69ms)
			RebuildTransferFunctionScriptingTraits (1ms)
			SetupTypeCache (359ms)
			ReleaseScriptCaches (1ms)
			RebuildScriptCaches (49ms)
			SetupLoadedEditorAssemblies (296ms)
				LogAssemblyErrors (0ms)
				InitializePlatformSupportModulesInManaged (4ms)
				SetLoadedEditorAssemblies (1ms)
				RefreshPlugins (1ms)
				BeforeProcessingInitializeOnLoad (100ms)
				ProcessInitializeOnLoadAttributes (180ms)
				ProcessInitializeOnLoadMethodAttributes (10ms)
				AfterProcessingInitializeOnLoad (1ms)
				EditorAssembliesLoaded (0ms)
			ExecutionOrderSort2 (0ms)
			AwakeInstancesAfterBackupRestoration (8ms)
Platform modules already initialized, skipping
Refreshing native plugins compatible for Editor in 0.53 ms, found 3 plugins.
Preloading 0 native plugins for Editor in 0.00 ms.
Unloading 3742 Unused Serialized files (Serialized files now loaded: 0)
System memory in use before: 273.2 MB.
System memory in use after: 273.4 MB.

Unloading 20 unused Assets to reduce memory usage. Loaded Objects now: 4231.
Total: 2.655103 ms (FindLiveObjects: 0.238667 ms CreateObjectMapping: 0.166239 ms MarkObjects: 2.235338 ms  DeleteObjects: 0.014063 ms)

AssetImportParameters requested are different than current active one (requested -> active):
  custom:video-decoder-ogg-theora: a1e56fd34408186e4bbccfd4996cb3dc -> 
  custom:container-muxer-webm: aa71ff27fc2769a1b78a27578f13a17b -> 
  custom:container-demuxer-webm: 4f35f7cbe854078d1ac9338744f61a02 -> 
  custom:container-demuxer-ogg: 62fdf1f143b41e24485cea50d1cbac27 -> 
  custom:video-encoder-webm-vp8: eb34c28f22e8b96e1ab97ce403110664 -> 
  custom:framework-osx-AVFoundation: e770b220cccbd017edd2c1fefb359320 -> 
  custom:video-decoder-webm-vp8: 9c59270c3fd7afecdb556c50c9e8de78 -> 
  custom:audio-decoder-ogg-vorbis: bf7c407c2cedff20999df2af8eb42d56 -> 
  custom:audio-encoder-webm-vorbis: bf7c407c2cedff20999df2af8eb42d56 -> 
========================================================================
Received Import Request.
  Time since last request: 749.643882 seconds.
  path: Assets/Art/Sprites/Characters/up animation.anim.anim
  artifactKey: Guid(375cbbc15c250409e97ef7d30df772ba) Importer(815301076,1909f56bfc062723c751e8b465ee728b)
Start importing Assets/Art/Sprites/Characters/up animation.anim.anim using Guid(375cbbc15c250409e97ef7d30df772ba) Importer(815301076,1909f56bfc062723c751e8b465ee728b)  -> (artifact id: '1db1fea21a124ddfb199deb7614e4cbb') in 0.014198 seconds 
  Import took 0.018741 seconds .

========================================================================
Received Import Request.
  Time since last request: 4.422557 seconds.
  path: Assets/Art/Sprites/Characters/up animation.anim
  artifactKey: Guid(375cbbc15c250409e97ef7d30df772ba) Importer(815301076,1909f56bfc062723c751e8b465ee728b)
Start importing Assets/Art/Sprites/Characters/up animation.anim using Guid(375cbbc15c250409e97ef7d30df772ba) Importer(815301076,1909f56bfc062723c751e8b465ee728b)  -> (artifact id: '8d1a436857c265c6347764d8219932be') in 0.003070 seconds 
  Import took 0.007650 seconds .

========================================================================
Received Import Request.
  Time since last request: 30.418905 seconds.
  path: Assets/Animations
  artifactKey: Guid(539cafda64d6747649bfe4a9114ab19e) Importer(815301076,1909f56bfc062723c751e8b465ee728b)
Start importing Assets/Animations using Guid(539cafda64d6747649bfe4a9114ab19e) Importer(815301076,1909f56bfc062723c751e8b465ee728b)  -> (artifact id: '13447c2e45100e0ce809707e0db49b69') in 0.001617 seconds 
  Import took 0.006297 seconds .

========================================================================
Received Import Request.
  Time since last request: 21.257351 seconds.
  path: Assets/Animations/E animations
  artifactKey: Guid(b69ec7325e5b346edb8e0a1c54625866) Importer(815301076,1909f56bfc062723c751e8b465ee728b)
Start importing Assets/Animations/E animations using Guid(b69ec7325e5b346edb8e0a1c54625866) Importer(815301076,1909f56bfc062723c751e8b465ee728b)  -> (artifact id: '3e4ad04f179fc79fca6c04a16a42f95b') in 0.001592 seconds 
  Import took 0.006008 seconds .

========================================================================
Received Import Request.
  Time since last request: 67.917331 seconds.
  path: Assets/Animations/E animations/down animation.anim.anim
  artifactKey: Guid(ccd2fb9d79de6444bb8807626700520b) Importer(815301076,1909f56bfc062723c751e8b465ee728b)
Start importing Assets/Animations/E animations/down animation.anim.anim using Guid(ccd2fb9d79de6444bb8807626700520b) Importer(815301076,1909f56bfc062723c751e8b465ee728b)  -> (artifact id: '25fd11f908a9c9a26f3db60dbb8d7896') in 0.001938 seconds 
  Import took 0.006553 seconds .

========================================================================
Received Import Request.
  Time since last request: 4.066770 seconds.
  path: Assets/Animations/E animations/down animation.anim
  artifactKey: Guid(ccd2fb9d79de6444bb8807626700520b) Importer(815301076,1909f56bfc062723c751e8b465ee728b)
Start importing Assets/Animations/E animations/down animation.anim using Guid(ccd2fb9d79de6444bb8807626700520b) Importer(815301076,1909f56bfc062723c751e8b465ee728b)  -> (artifact id: 'b0b69fe5390b35b18d05cad332768563') in 0.003021 seconds 
  Import took 0.007823 seconds .

AssetImportWorkerClient::OnTransportError - code=2 error=End of file
